<!DOCTYPE html>

<html>
  <head>
  <title>TestNG reports</title>

    <link type="text/css" href="testng-reports.css" rel="stylesheet" />  
    <script type="text/javascript" src="jquery-1.7.1.min.js"></script>
    <script type="text/javascript" src="testng-reports.js"></script>
    <script type="text/javascript" src="https://www.google.com/jsapi"></script>
    <script type='text/javascript'>
      google.load('visualization', '1', {packages:['table']});
      google.setOnLoadCallback(drawTable);
      var suiteTableInitFunctions = new Array();
      var suiteTableData = new Array();
    </script>
    <!--
      <script type="text/javascript" src="jquery-ui/js/jquery-ui-1.8.16.custom.min.js"></script>
     -->
  </head>

  <body>
    <div class="top-banner-root">
      <span class="top-banner-title-font">Test results</span>
      <br/>
      <span class="top-banner-font-1">1 suite, 10 failed tests</span>
    </div> <!-- top-banner-root -->
    <div class="navigator-root">
      <div class="navigator-suite-header">
        <span>All suites</span>
        <a href="#" title="Collapse/expand all the suites" class="collapse-all-link">
          <img src="collapseall.gif" class="collapse-all-icon">
          </img> <!-- collapse-all-icon -->
        </a> <!-- collapse-all-link -->
      </div> <!-- navigator-suite-header -->
      <div class="suite">
        <div class="rounded-window">
          <div class="suite-header light-rounded-window-top">
            <a href="#" panel-name="suite-com.mycompany_TestMavin_jar_1.0-SNAPSHOT" class="navigator-link">
              <span class="suite-name border-failed">com.mycompany_TestMavin_jar_1.0-SNAPSHOT</span>
            </a> <!-- navigator-link -->
          </div> <!-- suite-header light-rounded-window-top -->
          <div class="navigator-suite-content">
            <div class="suite-section-title">
              <span>Info</span>
            </div> <!-- suite-section-title -->
            <div class="suite-section-content">
              <ul>
                <li>
                  <a href="#" panel-name="test-xml-com.mycompany_TestMavin_jar_1.0-SNAPSHOT" class="navigator-link ">
                    <span>C:\Users\User\Desktop\mavenproject2\src\test\java\com\mycompany\mavenproject1\NewTestNGSuite.xml</span>
                  </a> <!-- navigator-link  -->
                </li>
                <li>
                  <a href="#" panel-name="testlist-com.mycompany_TestMavin_jar_1.0-SNAPSHOT" class="navigator-link ">
                    <span class="test-stats">3 tests</span>
                  </a> <!-- navigator-link  -->
                </li>
                <li>
                  <a href="#" panel-name="group-com.mycompany_TestMavin_jar_1.0-SNAPSHOT" class="navigator-link ">
                    <span>0 groups</span>
                  </a> <!-- navigator-link  -->
                </li>
                <li>
                  <a href="#" panel-name="times-com.mycompany_TestMavin_jar_1.0-SNAPSHOT" class="navigator-link ">
                    <span>Times</span>
                  </a> <!-- navigator-link  -->
                </li>
                <li>
                  <a href="#" panel-name="reporter-com.mycompany_TestMavin_jar_1.0-SNAPSHOT" class="navigator-link ">
                    <span>Reporter output</span>
                  </a> <!-- navigator-link  -->
                </li>
                <li>
                  <a href="#" panel-name="ignored-methods-com.mycompany_TestMavin_jar_1.0-SNAPSHOT" class="navigator-link ">
                    <span>Ignored methods</span>
                  </a> <!-- navigator-link  -->
                </li>
                <li>
                  <a href="#" panel-name="chronological-com.mycompany_TestMavin_jar_1.0-SNAPSHOT" class="navigator-link ">
                    <span>Chronological view</span>
                  </a> <!-- navigator-link  -->
                </li>
              </ul>
            </div> <!-- suite-section-content -->
            <div class="result-section">
              <div class="suite-section-title">
                <span>Results</span>
              </div> <!-- suite-section-title -->
              <div class="suite-section-content">
                <ul>
                  <li>
                    <span class="method-stats">19 methods, 10 failed,   9 passed</span>
                  </li>
                  <li>
                    <span class="method-list-title failed">Failed methods</span>
                    <span class="show-or-hide-methods failed">
                      <a href="#" panel-name="suite-com.mycompany_TestMavin_jar_1.0-SNAPSHOT" class="hide-methods failed suite-com.mycompany_TestMavin_jar_1.0-SNAPSHOT"> (hide)</a> <!-- hide-methods failed suite-com.mycompany_TestMavin_jar_1.0-SNAPSHOT -->
                      <a href="#" panel-name="suite-com.mycompany_TestMavin_jar_1.0-SNAPSHOT" class="show-methods failed suite-com.mycompany_TestMavin_jar_1.0-SNAPSHOT"> (show)</a> <!-- show-methods failed suite-com.mycompany_TestMavin_jar_1.0-SNAPSHOT -->
                    </span>
                    <div class="method-list-content failed suite-com.mycompany_TestMavin_jar_1.0-SNAPSHOT">
                      <span>
                        <img src="failed.png" width="3%"/>
                        <a href="#" panel-name="suite-com.mycompany_TestMavin_jar_1.0-SNAPSHOT" title="com.mycompany.mavenproject1.TestMavinIT_Organized" class="method navigator-link" hash-for-method="testLogin">testLogin</a> <!-- method navigator-link -->
                      </span>
                      <br/>
                      <span>
                        <img src="failed.png" width="3%"/>
                        <a href="#" panel-name="suite-com.mycompany_TestMavin_jar_1.0-SNAPSHOT" title="com.mycompany.mavenproject1.TestMavinIT_Organized" class="method navigator-link" hash-for-method="testTabBuzz">testTabBuzz</a> <!-- method navigator-link -->
                      </span>
                      <br/>
                      <span>
                        <img src="failed.png" width="3%"/>
                        <a href="#" panel-name="suite-com.mycompany_TestMavin_jar_1.0-SNAPSHOT" title="com.mycompany.mavenproject1.TestMavinIT_Organized" class="method navigator-link" hash-for-method="testTabDashbord">testTabDashbord</a> <!-- method navigator-link -->
                      </span>
                      <br/>
                      <span>
                        <img src="failed.png" width="3%"/>
                        <a href="#" panel-name="suite-com.mycompany_TestMavin_jar_1.0-SNAPSHOT" title="com.mycompany.mavenproject1.TestMavinIT_Organized" class="method navigator-link" hash-for-method="testTabDirectory">testTabDirectory</a> <!-- method navigator-link -->
                      </span>
                      <br/>
                      <span>
                        <img src="failed.png" width="3%"/>
                        <a href="#" panel-name="suite-com.mycompany_TestMavin_jar_1.0-SNAPSHOT" title="com.mycompany.mavenproject1.TestMavinIT_Organized" class="method navigator-link" hash-for-method="testTabESSEdit">testTabESSEdit</a> <!-- method navigator-link -->
                      </span>
                      <br/>
                      <span>
                        <img src="failed.png" width="3%"/>
                        <a href="#" panel-name="suite-com.mycompany_TestMavin_jar_1.0-SNAPSHOT" title="com.mycompany.mavenproject1.TestMavinIT_Organized" class="method navigator-link" hash-for-method="testTabESSsearch">testTabESSsearch</a> <!-- method navigator-link -->
                      </span>
                      <br/>
                      <span>
                        <img src="failed.png" width="3%"/>
                        <a href="#" panel-name="suite-com.mycompany_TestMavin_jar_1.0-SNAPSHOT" title="com.mycompany.mavenproject1.TestMavinIT_Organized" class="method navigator-link" hash-for-method="testTabLeave">testTabLeave</a> <!-- method navigator-link -->
                      </span>
                      <br/>
                      <span>
                        <img src="failed.png" width="3%"/>
                        <a href="#" panel-name="suite-com.mycompany_TestMavin_jar_1.0-SNAPSHOT" title="com.mycompany.mavenproject1.TestMavinIT_Organized" class="method navigator-link" hash-for-method="testTabMintance">testTabMintance</a> <!-- method navigator-link -->
                      </span>
                      <br/>
                      <span>
                        <img src="failed.png" width="3%"/>
                        <a href="#" panel-name="suite-com.mycompany_TestMavin_jar_1.0-SNAPSHOT" title="com.mycompany.mavenproject1.TestMavinIT_Organized" class="method navigator-link" hash-for-method="testTabPIM">testTabPIM</a> <!-- method navigator-link -->
                      </span>
                      <br/>
                      <span>
                        <img src="failed.png" width="3%"/>
                        <a href="#" panel-name="suite-com.mycompany_TestMavin_jar_1.0-SNAPSHOT" title="com.mycompany.mavenproject1.TestMavinIT_Organized" class="method navigator-link" hash-for-method="testTabRecuriment">testTabRecuriment</a> <!-- method navigator-link -->
                      </span>
                      <br/>
                    </div> <!-- method-list-content failed suite-com.mycompany_TestMavin_jar_1.0-SNAPSHOT -->
                  </li>
                  <li>
                    <span class="method-list-title passed">Passed methods</span>
                    <span class="show-or-hide-methods passed">
                      <a href="#" panel-name="suite-com.mycompany_TestMavin_jar_1.0-SNAPSHOT" class="hide-methods passed suite-com.mycompany_TestMavin_jar_1.0-SNAPSHOT"> (hide)</a> <!-- hide-methods passed suite-com.mycompany_TestMavin_jar_1.0-SNAPSHOT -->
                      <a href="#" panel-name="suite-com.mycompany_TestMavin_jar_1.0-SNAPSHOT" class="show-methods passed suite-com.mycompany_TestMavin_jar_1.0-SNAPSHOT"> (show)</a> <!-- show-methods passed suite-com.mycompany_TestMavin_jar_1.0-SNAPSHOT -->
                    </span>
                    <div class="method-list-content passed suite-com.mycompany_TestMavin_jar_1.0-SNAPSHOT">
                      <span>
                        <img src="passed.png" width="3%"/>
                        <a href="#" panel-name="suite-com.mycompany_TestMavin_jar_1.0-SNAPSHOT" title="com.mycompany.mavenproject1.TestMavinIT_Organized" class="method navigator-link" hash-for-method="testAdminSearch">testAdminSearch</a> <!-- method navigator-link -->
                      </span>
                      <br/>
                      <span>
                        <img src="passed.png" width="3%"/>
                        <a href="#" panel-name="suite-com.mycompany_TestMavin_jar_1.0-SNAPSHOT" title="com.mycompany.mavenproject1.TestMavinIT_Organized" class="method navigator-link" hash-for-method="testPopUpMenu">testPopUpMenu</a> <!-- method navigator-link -->
                      </span>
                      <br/>
                      <span>
                        <img src="passed.png" width="3%"/>
                        <a href="#" panel-name="suite-com.mycompany_TestMavin_jar_1.0-SNAPSHOT" title="com.mycompany.mavenproject1.TestMavinIT_Organized" class="method navigator-link" hash-for-method="testTabAdmin">testTabAdmin</a> <!-- method navigator-link -->
                      </span>
                      <br/>
                      <span>
                        <img src="passed.png" width="3%"/>
                        <a href="#" panel-name="suite-com.mycompany_TestMavin_jar_1.0-SNAPSHOT" title="com.mycompany.mavenproject1.TestMavinIT_Organized" class="method navigator-link" hash-for-method="testTabAdminAdd">testTabAdminAdd</a> <!-- method navigator-link -->
                      </span>
                      <br/>
                      <span>
                        <img src="passed.png" width="3%"/>
                        <a href="#" panel-name="suite-com.mycompany_TestMavin_jar_1.0-SNAPSHOT" title="com.mycompany.mavenproject1.TestMavinIT_Organized" class="method navigator-link" hash-for-method="testTabAdminBranding">testTabAdminBranding</a> <!-- method navigator-link -->
                      </span>
                      <br/>
                      <span>
                        <img src="passed.png" width="3%"/>
                        <a href="#" panel-name="suite-com.mycompany_TestMavin_jar_1.0-SNAPSHOT" title="com.mycompany.mavenproject1.TestMavinIT_Organized" class="method navigator-link" hash-for-method="testTabAdminOrganizaton">testTabAdminOrganizaton</a> <!-- method navigator-link -->
                      </span>
                      <br/>
                      <span>
                        <img src="passed.png" width="3%"/>
                        <a href="#" panel-name="suite-com.mycompany_TestMavin_jar_1.0-SNAPSHOT" title="com.mycompany.mavenproject1.TestMavinIT_Organized" class="method navigator-link" hash-for-method="testTabMyInfo">testTabMyInfo</a> <!-- method navigator-link -->
                      </span>
                      <br/>
                      <span>
                        <img src="passed.png" width="3%"/>
                        <a href="#" panel-name="suite-com.mycompany_TestMavin_jar_1.0-SNAPSHOT" title="com.mycompany.mavenproject1.TestMavinIT_Organized" class="method navigator-link" hash-for-method="testTabPerformance">testTabPerformance</a> <!-- method navigator-link -->
                      </span>
                      <br/>
                      <span>
                        <img src="passed.png" width="3%"/>
                        <a href="#" panel-name="suite-com.mycompany_TestMavin_jar_1.0-SNAPSHOT" title="com.mycompany.mavenproject1.TestMavinIT_Organized" class="method navigator-link" hash-for-method="testTabTime">testTabTime</a> <!-- method navigator-link -->
                      </span>
                      <br/>
                    </div> <!-- method-list-content passed suite-com.mycompany_TestMavin_jar_1.0-SNAPSHOT -->
                  </li>
                </ul>
              </div> <!-- suite-section-content -->
            </div> <!-- result-section -->
          </div> <!-- navigator-suite-content -->
        </div> <!-- rounded-window -->
      </div> <!-- suite -->
    </div> <!-- navigator-root -->
    <div class="wrapper">
      <div class="main-panel-root">
        <div panel-name="suite-com.mycompany_TestMavin_jar_1.0-SNAPSHOT" class="panel com.mycompany_TestMavin_jar_1.0-SNAPSHOT">
          <div class="suite-com.mycompany_TestMavin_jar_1.0-SNAPSHOT-class-failed">
            <div class="main-panel-header rounded-window-top">
              <img src="failed.png"/>
              <span class="class-name">com.mycompany.mavenproject1.TestMavinIT_Organized</span>
            </div> <!-- main-panel-header rounded-window-top -->
            <div class="main-panel-content rounded-window-bottom">
              <div class="method">
                <div class="method-content">
                  <a name="testLogin">
                  </a> <!-- testLogin -->
                  <span class="method-name">testLogin</span>
                  <div class="stack-trace">java.lang.AssertionError: expected [Paul Collings] but found [HslkIiWamc TestL]
	at com.mycompany.mavenproject1.TestMavinIT_Organized.testLogin(TestMavinIT_Organized.java:44)
... Removed 33 stack frames
</div> <!-- stack-trace -->
                </div> <!-- method-content -->
              </div> <!-- method -->
              <div class="method">
                <div class="method-content">
                  <a name="testTabBuzz">
                  </a> <!-- testTabBuzz -->
                  <span class="method-name">testTabBuzz</span>
                  <div class="stack-trace">org.openqa.selenium.NoSuchElementException: no such element: Unable to locate element: {&quot;method&quot;:&quot;class name&quot;,&quot;selector&quot;:&quot;oxd-topbar-header-breadcrumb-level&quot;}
  (Session info: chrome=120.0.6099.129)
  (Driver info: chromedriver=120.0.6099.109 (3419140ab665596f21b385ce136419fde0924272-refs/branch-heads/6099@{#1483}),platform=Windows NT 10.0.19045 x86_64) (WARNING: The server did not provide any stacktrace information)
Command duration or timeout: 85 milliseconds
For documentation on this error, please visit: http://seleniumhq.org/exceptions/no_such_element.html
Build info: version: &apos;2.44.0&apos;, revision: &apos;76d78cf323ce037c5f92db6c1bba601c2ac43ad8&apos;, time: &apos;2014-10-23 13:11:40&apos;
System info: host: &apos;EMARA&apos;, ip: &apos;192.168.133.19&apos;, os.name: &apos;Windows 10&apos;, os.arch: &apos;amd64&apos;, os.version: &apos;10.0&apos;, java.version: &apos;11.0.21&apos;
Driver info: org.openqa.selenium.chrome.ChromeDriver
Capabilities [{mobileEmulationEnabled=false, timeouts={implicit=0, pageLoad=300000, script=30000}, hasTouchScreen=false, platform=XP, acceptSslCerts=false, goog:chromeOptions={debuggerAddress=localhost:8583}, webauthn:extension:credBlob=true, acceptInsecureCerts=false, fedcm:accounts=true, webStorageEnabled=true, browserName=chrome, takesScreenshot=true, javascriptEnabled=true, setWindowRect=true, webauthn:extension:largeBlob=true, unexpectedAlertBehaviour=ignore, rotatable=false, networkConnectionEnabled=false, chrome={chromedriverVersion=120.0.6099.109 (3419140ab665596f21b385ce136419fde0924272-refs/branch-heads/6099@{#1483}), userDataDir=C:\Users\User\AppData\Local\Temp\scoped_dir24416_176106592}, takesHeapSnapshot=true, pageLoadStrategy=normal, strictFileInteractability=false, databaseEnabled=false, handlesAlerts=true, version=120.0.6099.129, browserConnectionEnabled=false, proxy={}, nativeEvents=true, webauthn:extension:minPinLength=true, webauthn:extension:prf=true, locationContextEnabled=true, cssSelectorsEnabled=true, webauthn:virtualAuthenticators=true}]
Session ID: 8235d5f6a386fcdd34539e0dbfe7be3a
	at org.openqa.selenium.remote.ErrorHandler.createThrowable(ErrorHandler.java:204)
	at org.openqa.selenium.remote.ErrorHandler.throwIfResponseFailed(ErrorHandler.java:156)
	at org.openqa.selenium.remote.RemoteWebDriver.execute(RemoteWebDriver.java:599)
	at org.openqa.selenium.remote.RemoteWebDriver.findElement(RemoteWebDriver.java:352)
	at org.openqa.selenium.remote.RemoteWebDriver.findElementByClassName(RemoteWebDriver.java:433)
	at org.openqa.selenium.By$ByClassName.findElement(By.java:387)
	at org.openqa.selenium.remote.RemoteWebDriver.findElement(RemoteWebDriver.java:344)
	at com.mycompany.mavenproject1.TestMavinIT_Organized.testTabBuzz(TestMavinIT_Organized.java:164)
... Removed 32 stack frames
</div> <!-- stack-trace -->
                </div> <!-- method-content -->
              </div> <!-- method -->
              <div class="method">
                <div class="method-content">
                  <a name="testTabDashbord">
                  </a> <!-- testTabDashbord -->
                  <span class="method-name">testTabDashbord</span>
                  <div class="stack-trace">org.openqa.selenium.NoSuchElementException: no such element: Unable to locate element: {&quot;method&quot;:&quot;class name&quot;,&quot;selector&quot;:&quot;oxd-topbar-header-breadcrumb-level&quot;}
  (Session info: chrome=120.0.6099.129)
  (Driver info: chromedriver=120.0.6099.109 (3419140ab665596f21b385ce136419fde0924272-refs/branch-heads/6099@{#1483}),platform=Windows NT 10.0.19045 x86_64) (WARNING: The server did not provide any stacktrace information)
Command duration or timeout: 41 milliseconds
For documentation on this error, please visit: http://seleniumhq.org/exceptions/no_such_element.html
Build info: version: &apos;2.44.0&apos;, revision: &apos;76d78cf323ce037c5f92db6c1bba601c2ac43ad8&apos;, time: &apos;2014-10-23 13:11:40&apos;
System info: host: &apos;EMARA&apos;, ip: &apos;192.168.133.19&apos;, os.name: &apos;Windows 10&apos;, os.arch: &apos;amd64&apos;, os.version: &apos;10.0&apos;, java.version: &apos;11.0.21&apos;
Driver info: org.openqa.selenium.chrome.ChromeDriver
Capabilities [{mobileEmulationEnabled=false, timeouts={implicit=0, pageLoad=300000, script=30000}, hasTouchScreen=false, platform=XP, acceptSslCerts=false, goog:chromeOptions={debuggerAddress=localhost:8583}, webauthn:extension:credBlob=true, acceptInsecureCerts=false, fedcm:accounts=true, webStorageEnabled=true, browserName=chrome, takesScreenshot=true, javascriptEnabled=true, setWindowRect=true, webauthn:extension:largeBlob=true, unexpectedAlertBehaviour=ignore, rotatable=false, networkConnectionEnabled=false, chrome={chromedriverVersion=120.0.6099.109 (3419140ab665596f21b385ce136419fde0924272-refs/branch-heads/6099@{#1483}), userDataDir=C:\Users\User\AppData\Local\Temp\scoped_dir24416_176106592}, takesHeapSnapshot=true, pageLoadStrategy=normal, strictFileInteractability=false, databaseEnabled=false, handlesAlerts=true, version=120.0.6099.129, browserConnectionEnabled=false, proxy={}, nativeEvents=true, webauthn:extension:minPinLength=true, webauthn:extension:prf=true, locationContextEnabled=true, cssSelectorsEnabled=true, webauthn:virtualAuthenticators=true}]
Session ID: 8235d5f6a386fcdd34539e0dbfe7be3a
	at org.openqa.selenium.remote.ErrorHandler.createThrowable(ErrorHandler.java:204)
	at org.openqa.selenium.remote.ErrorHandler.throwIfResponseFailed(ErrorHandler.java:156)
	at org.openqa.selenium.remote.RemoteWebDriver.execute(RemoteWebDriver.java:599)
	at org.openqa.selenium.remote.RemoteWebDriver.findElement(RemoteWebDriver.java:352)
	at org.openqa.selenium.remote.RemoteWebDriver.findElementByClassName(RemoteWebDriver.java:433)
	at org.openqa.selenium.By$ByClassName.findElement(By.java:387)
	at org.openqa.selenium.remote.RemoteWebDriver.findElement(RemoteWebDriver.java:344)
	at com.mycompany.mavenproject1.TestMavinIT_Organized.testTabDashbord(TestMavinIT_Organized.java:137)
... Removed 32 stack frames
</div> <!-- stack-trace -->
                </div> <!-- method-content -->
              </div> <!-- method -->
              <div class="method">
                <div class="method-content">
                  <a name="testTabDirectory">
                  </a> <!-- testTabDirectory -->
                  <span class="method-name">testTabDirectory</span>
                  <div class="stack-trace">org.openqa.selenium.NoSuchElementException: no such element: Unable to locate element: {&quot;method&quot;:&quot;class name&quot;,&quot;selector&quot;:&quot;oxd-topbar-header-breadcrumb-level&quot;}
  (Session info: chrome=120.0.6099.129)
  (Driver info: chromedriver=120.0.6099.109 (3419140ab665596f21b385ce136419fde0924272-refs/branch-heads/6099@{#1483}),platform=Windows NT 10.0.19045 x86_64) (WARNING: The server did not provide any stacktrace information)
Command duration or timeout: 30 milliseconds
For documentation on this error, please visit: http://seleniumhq.org/exceptions/no_such_element.html
Build info: version: &apos;2.44.0&apos;, revision: &apos;76d78cf323ce037c5f92db6c1bba601c2ac43ad8&apos;, time: &apos;2014-10-23 13:11:40&apos;
System info: host: &apos;EMARA&apos;, ip: &apos;192.168.133.19&apos;, os.name: &apos;Windows 10&apos;, os.arch: &apos;amd64&apos;, os.version: &apos;10.0&apos;, java.version: &apos;11.0.21&apos;
Driver info: org.openqa.selenium.chrome.ChromeDriver
Capabilities [{mobileEmulationEnabled=false, timeouts={implicit=0, pageLoad=300000, script=30000}, hasTouchScreen=false, platform=XP, acceptSslCerts=false, goog:chromeOptions={debuggerAddress=localhost:8583}, webauthn:extension:credBlob=true, acceptInsecureCerts=false, fedcm:accounts=true, webStorageEnabled=true, browserName=chrome, takesScreenshot=true, javascriptEnabled=true, setWindowRect=true, webauthn:extension:largeBlob=true, unexpectedAlertBehaviour=ignore, rotatable=false, networkConnectionEnabled=false, chrome={chromedriverVersion=120.0.6099.109 (3419140ab665596f21b385ce136419fde0924272-refs/branch-heads/6099@{#1483}), userDataDir=C:\Users\User\AppData\Local\Temp\scoped_dir24416_176106592}, takesHeapSnapshot=true, pageLoadStrategy=normal, strictFileInteractability=false, databaseEnabled=false, handlesAlerts=true, version=120.0.6099.129, browserConnectionEnabled=false, proxy={}, nativeEvents=true, webauthn:extension:minPinLength=true, webauthn:extension:prf=true, locationContextEnabled=true, cssSelectorsEnabled=true, webauthn:virtualAuthenticators=true}]
Session ID: 8235d5f6a386fcdd34539e0dbfe7be3a
	at org.openqa.selenium.remote.ErrorHandler.createThrowable(ErrorHandler.java:204)
	at org.openqa.selenium.remote.ErrorHandler.throwIfResponseFailed(ErrorHandler.java:156)
	at org.openqa.selenium.remote.RemoteWebDriver.execute(RemoteWebDriver.java:599)
	at org.openqa.selenium.remote.RemoteWebDriver.findElement(RemoteWebDriver.java:352)
	at org.openqa.selenium.remote.RemoteWebDriver.findElementByClassName(RemoteWebDriver.java:433)
	at org.openqa.selenium.By$ByClassName.findElement(By.java:387)
	at org.openqa.selenium.remote.RemoteWebDriver.findElement(RemoteWebDriver.java:344)
	at com.mycompany.mavenproject1.TestMavinIT_Organized.testTabDirectory(TestMavinIT_Organized.java:145)
... Removed 32 stack frames
</div> <!-- stack-trace -->
                </div> <!-- method-content -->
              </div> <!-- method -->
              <div class="method">
                <div class="method-content">
                  <a name="testTabESSEdit">
                  </a> <!-- testTabESSEdit -->
                  <span class="method-name">testTabESSEdit</span>
                  <div class="stack-trace">org.openqa.selenium.NoSuchElementException: no such element: Unable to locate element: {&quot;method&quot;:&quot;xpath&quot;,&quot;selector&quot;:&quot;//*[@id=&quot;app&quot;]/div[1]/div[2]/div[2]/div/div[2]/div[3]/div/div[2]/div[1]/div/div[6]/div/button[2]&quot;}
  (Session info: chrome=120.0.6099.129)
  (Driver info: chromedriver=120.0.6099.109 (3419140ab665596f21b385ce136419fde0924272-refs/branch-heads/6099@{#1483}),platform=Windows NT 10.0.19045 x86_64) (WARNING: The server did not provide any stacktrace information)
Command duration or timeout: 31 milliseconds
For documentation on this error, please visit: http://seleniumhq.org/exceptions/no_such_element.html
Build info: version: &apos;2.44.0&apos;, revision: &apos;76d78cf323ce037c5f92db6c1bba601c2ac43ad8&apos;, time: &apos;2014-10-23 13:11:40&apos;
System info: host: &apos;EMARA&apos;, ip: &apos;192.168.133.19&apos;, os.name: &apos;Windows 10&apos;, os.arch: &apos;amd64&apos;, os.version: &apos;10.0&apos;, java.version: &apos;11.0.21&apos;
Driver info: org.openqa.selenium.chrome.ChromeDriver
Capabilities [{mobileEmulationEnabled=false, timeouts={implicit=0, pageLoad=300000, script=30000}, hasTouchScreen=false, platform=XP, acceptSslCerts=false, goog:chromeOptions={debuggerAddress=localhost:8583}, webauthn:extension:credBlob=true, acceptInsecureCerts=false, fedcm:accounts=true, webStorageEnabled=true, browserName=chrome, takesScreenshot=true, javascriptEnabled=true, setWindowRect=true, webauthn:extension:largeBlob=true, unexpectedAlertBehaviour=ignore, rotatable=false, networkConnectionEnabled=false, chrome={chromedriverVersion=120.0.6099.109 (3419140ab665596f21b385ce136419fde0924272-refs/branch-heads/6099@{#1483}), userDataDir=C:\Users\User\AppData\Local\Temp\scoped_dir24416_176106592}, takesHeapSnapshot=true, pageLoadStrategy=normal, strictFileInteractability=false, databaseEnabled=false, handlesAlerts=true, version=120.0.6099.129, browserConnectionEnabled=false, proxy={}, nativeEvents=true, webauthn:extension:minPinLength=true, webauthn:extension:prf=true, locationContextEnabled=true, cssSelectorsEnabled=true, webauthn:virtualAuthenticators=true}]
Session ID: 8235d5f6a386fcdd34539e0dbfe7be3a
	at org.openqa.selenium.remote.ErrorHandler.createThrowable(ErrorHandler.java:204)
	at org.openqa.selenium.remote.ErrorHandler.throwIfResponseFailed(ErrorHandler.java:156)
	at org.openqa.selenium.remote.RemoteWebDriver.execute(RemoteWebDriver.java:599)
	at org.openqa.selenium.remote.RemoteWebDriver.findElement(RemoteWebDriver.java:352)
	at org.openqa.selenium.remote.RemoteWebDriver.findElementByXPath(RemoteWebDriver.java:449)
	at org.openqa.selenium.By$ByXPath.findElement(By.java:357)
	at org.openqa.selenium.remote.RemoteWebDriver.findElement(RemoteWebDriver.java:344)
	at com.mycompany.mavenproject1.TestMavinIT_Organized.testTabESSEdit(TestMavinIT_Organized.java:226)
... Removed 32 stack frames
</div> <!-- stack-trace -->
                </div> <!-- method-content -->
              </div> <!-- method -->
              <div class="method">
                <div class="method-content">
                  <a name="testTabESSsearch">
                  </a> <!-- testTabESSsearch -->
                  <span class="method-name">testTabESSsearch</span>
                  <div class="stack-trace">java.lang.AssertionError: expected [(1) Record Found] but found [No Records Found]
	at com.mycompany.mavenproject1.TestMavinIT_Organized.testTabESSsearch(TestMavinIT_Organized.java:221)
... Removed 33 stack frames
</div> <!-- stack-trace -->
                </div> <!-- method-content -->
              </div> <!-- method -->
              <div class="method">
                <div class="method-content">
                  <a name="testTabLeave">
                  </a> <!-- testTabLeave -->
                  <span class="method-name">testTabLeave</span>
                  <div class="stack-trace">org.openqa.selenium.NoSuchElementException: no such element: Unable to locate element: {&quot;method&quot;:&quot;class name&quot;,&quot;selector&quot;:&quot;oxd-topbar-header-breadcrumb-level&quot;}
  (Session info: chrome=120.0.6099.129)
  (Driver info: chromedriver=120.0.6099.109 (3419140ab665596f21b385ce136419fde0924272-refs/branch-heads/6099@{#1483}),platform=Windows NT 10.0.19045 x86_64) (WARNING: The server did not provide any stacktrace information)
Command duration or timeout: 31 milliseconds
For documentation on this error, please visit: http://seleniumhq.org/exceptions/no_such_element.html
Build info: version: &apos;2.44.0&apos;, revision: &apos;76d78cf323ce037c5f92db6c1bba601c2ac43ad8&apos;, time: &apos;2014-10-23 13:11:40&apos;
System info: host: &apos;EMARA&apos;, ip: &apos;192.168.133.19&apos;, os.name: &apos;Windows 10&apos;, os.arch: &apos;amd64&apos;, os.version: &apos;10.0&apos;, java.version: &apos;11.0.21&apos;
Driver info: org.openqa.selenium.chrome.ChromeDriver
Capabilities [{mobileEmulationEnabled=false, timeouts={implicit=0, pageLoad=300000, script=30000}, hasTouchScreen=false, platform=XP, acceptSslCerts=false, goog:chromeOptions={debuggerAddress=localhost:8583}, webauthn:extension:credBlob=true, acceptInsecureCerts=false, fedcm:accounts=true, webStorageEnabled=true, browserName=chrome, takesScreenshot=true, javascriptEnabled=true, setWindowRect=true, webauthn:extension:largeBlob=true, unexpectedAlertBehaviour=ignore, rotatable=false, networkConnectionEnabled=false, chrome={chromedriverVersion=120.0.6099.109 (3419140ab665596f21b385ce136419fde0924272-refs/branch-heads/6099@{#1483}), userDataDir=C:\Users\User\AppData\Local\Temp\scoped_dir24416_176106592}, takesHeapSnapshot=true, pageLoadStrategy=normal, strictFileInteractability=false, databaseEnabled=false, handlesAlerts=true, version=120.0.6099.129, browserConnectionEnabled=false, proxy={}, nativeEvents=true, webauthn:extension:minPinLength=true, webauthn:extension:prf=true, locationContextEnabled=true, cssSelectorsEnabled=true, webauthn:virtualAuthenticators=true}]
Session ID: 8235d5f6a386fcdd34539e0dbfe7be3a
	at org.openqa.selenium.remote.ErrorHandler.createThrowable(ErrorHandler.java:204)
	at org.openqa.selenium.remote.ErrorHandler.throwIfResponseFailed(ErrorHandler.java:156)
	at org.openqa.selenium.remote.RemoteWebDriver.execute(RemoteWebDriver.java:599)
	at org.openqa.selenium.remote.RemoteWebDriver.findElement(RemoteWebDriver.java:352)
	at org.openqa.selenium.remote.RemoteWebDriver.findElementByClassName(RemoteWebDriver.java:433)
	at org.openqa.selenium.By$ByClassName.findElement(By.java:387)
	at org.openqa.selenium.remote.RemoteWebDriver.findElement(RemoteWebDriver.java:344)
	at com.mycompany.mavenproject1.TestMavinIT_Organized.testTabLeave(TestMavinIT_Organized.java:97)
... Removed 32 stack frames
</div> <!-- stack-trace -->
                </div> <!-- method-content -->
              </div> <!-- method -->
              <div class="method">
                <div class="method-content">
                  <a name="testTabMintance">
                  </a> <!-- testTabMintance -->
                  <span class="method-name">testTabMintance</span>
                  <div class="stack-trace">org.openqa.selenium.NoSuchElementException: no such element: Unable to locate element: {&quot;method&quot;:&quot;class name&quot;,&quot;selector&quot;:&quot;oxd-topbar-header-breadcrumb-level&quot;}
  (Session info: chrome=120.0.6099.129)
  (Driver info: chromedriver=120.0.6099.109 (3419140ab665596f21b385ce136419fde0924272-refs/branch-heads/6099@{#1483}),platform=Windows NT 10.0.19045 x86_64) (WARNING: The server did not provide any stacktrace information)
Command duration or timeout: 33 milliseconds
For documentation on this error, please visit: http://seleniumhq.org/exceptions/no_such_element.html
Build info: version: &apos;2.44.0&apos;, revision: &apos;76d78cf323ce037c5f92db6c1bba601c2ac43ad8&apos;, time: &apos;2014-10-23 13:11:40&apos;
System info: host: &apos;EMARA&apos;, ip: &apos;192.168.133.19&apos;, os.name: &apos;Windows 10&apos;, os.arch: &apos;amd64&apos;, os.version: &apos;10.0&apos;, java.version: &apos;11.0.21&apos;
Driver info: org.openqa.selenium.chrome.ChromeDriver
Capabilities [{mobileEmulationEnabled=false, timeouts={implicit=0, pageLoad=300000, script=30000}, hasTouchScreen=false, platform=XP, acceptSslCerts=false, goog:chromeOptions={debuggerAddress=localhost:8583}, webauthn:extension:credBlob=true, acceptInsecureCerts=false, fedcm:accounts=true, webStorageEnabled=true, browserName=chrome, takesScreenshot=true, javascriptEnabled=true, setWindowRect=true, webauthn:extension:largeBlob=true, unexpectedAlertBehaviour=ignore, rotatable=false, networkConnectionEnabled=false, chrome={chromedriverVersion=120.0.6099.109 (3419140ab665596f21b385ce136419fde0924272-refs/branch-heads/6099@{#1483}), userDataDir=C:\Users\User\AppData\Local\Temp\scoped_dir24416_176106592}, takesHeapSnapshot=true, pageLoadStrategy=normal, strictFileInteractability=false, databaseEnabled=false, handlesAlerts=true, version=120.0.6099.129, browserConnectionEnabled=false, proxy={}, nativeEvents=true, webauthn:extension:minPinLength=true, webauthn:extension:prf=true, locationContextEnabled=true, cssSelectorsEnabled=true, webauthn:virtualAuthenticators=true}]
Session ID: 8235d5f6a386fcdd34539e0dbfe7be3a
	at org.openqa.selenium.remote.ErrorHandler.createThrowable(ErrorHandler.java:204)
	at org.openqa.selenium.remote.ErrorHandler.throwIfResponseFailed(ErrorHandler.java:156)
	at org.openqa.selenium.remote.RemoteWebDriver.execute(RemoteWebDriver.java:599)
	at org.openqa.selenium.remote.RemoteWebDriver.findElement(RemoteWebDriver.java:352)
	at org.openqa.selenium.remote.RemoteWebDriver.findElementByClassName(RemoteWebDriver.java:433)
	at org.openqa.selenium.By$ByClassName.findElement(By.java:387)
	at org.openqa.selenium.remote.RemoteWebDriver.findElement(RemoteWebDriver.java:344)
	at com.mycompany.mavenproject1.TestMavinIT_Organized.testTabMintance(TestMavinIT_Organized.java:156)
... Removed 32 stack frames
</div> <!-- stack-trace -->
                </div> <!-- method-content -->
              </div> <!-- method -->
              <div class="method">
                <div class="method-content">
                  <a name="testTabPIM">
                  </a> <!-- testTabPIM -->
                  <span class="method-name">testTabPIM</span>
                  <div class="stack-trace">org.openqa.selenium.NoSuchElementException: no such element: Unable to locate element: {&quot;method&quot;:&quot;class name&quot;,&quot;selector&quot;:&quot;oxd-topbar-header-breadcrumb-level&quot;}
  (Session info: chrome=120.0.6099.129)
  (Driver info: chromedriver=120.0.6099.109 (3419140ab665596f21b385ce136419fde0924272-refs/branch-heads/6099@{#1483}),platform=Windows NT 10.0.19045 x86_64) (WARNING: The server did not provide any stacktrace information)
Command duration or timeout: 33 milliseconds
For documentation on this error, please visit: http://seleniumhq.org/exceptions/no_such_element.html
Build info: version: &apos;2.44.0&apos;, revision: &apos;76d78cf323ce037c5f92db6c1bba601c2ac43ad8&apos;, time: &apos;2014-10-23 13:11:40&apos;
System info: host: &apos;EMARA&apos;, ip: &apos;192.168.133.19&apos;, os.name: &apos;Windows 10&apos;, os.arch: &apos;amd64&apos;, os.version: &apos;10.0&apos;, java.version: &apos;11.0.21&apos;
Driver info: org.openqa.selenium.chrome.ChromeDriver
Capabilities [{mobileEmulationEnabled=false, timeouts={implicit=0, pageLoad=300000, script=30000}, hasTouchScreen=false, platform=XP, acceptSslCerts=false, goog:chromeOptions={debuggerAddress=localhost:8583}, webauthn:extension:credBlob=true, acceptInsecureCerts=false, fedcm:accounts=true, webStorageEnabled=true, browserName=chrome, takesScreenshot=true, javascriptEnabled=true, setWindowRect=true, webauthn:extension:largeBlob=true, unexpectedAlertBehaviour=ignore, rotatable=false, networkConnectionEnabled=false, chrome={chromedriverVersion=120.0.6099.109 (3419140ab665596f21b385ce136419fde0924272-refs/branch-heads/6099@{#1483}), userDataDir=C:\Users\User\AppData\Local\Temp\scoped_dir24416_176106592}, takesHeapSnapshot=true, pageLoadStrategy=normal, strictFileInteractability=false, databaseEnabled=false, handlesAlerts=true, version=120.0.6099.129, browserConnectionEnabled=false, proxy={}, nativeEvents=true, webauthn:extension:minPinLength=true, webauthn:extension:prf=true, locationContextEnabled=true, cssSelectorsEnabled=true, webauthn:virtualAuthenticators=true}]
Session ID: 8235d5f6a386fcdd34539e0dbfe7be3a
	at org.openqa.selenium.remote.ErrorHandler.createThrowable(ErrorHandler.java:204)
	at org.openqa.selenium.remote.ErrorHandler.throwIfResponseFailed(ErrorHandler.java:156)
	at org.openqa.selenium.remote.RemoteWebDriver.execute(RemoteWebDriver.java:599)
	at org.openqa.selenium.remote.RemoteWebDriver.findElement(RemoteWebDriver.java:352)
	at org.openqa.selenium.remote.RemoteWebDriver.findElementByClassName(RemoteWebDriver.java:433)
	at org.openqa.selenium.By$ByClassName.findElement(By.java:387)
	at org.openqa.selenium.remote.RemoteWebDriver.findElement(RemoteWebDriver.java:344)
	at com.mycompany.mavenproject1.TestMavinIT_Organized.testTabPIM(TestMavinIT_Organized.java:89)
... Removed 32 stack frames
</div> <!-- stack-trace -->
                </div> <!-- method-content -->
              </div> <!-- method -->
              <div class="method">
                <div class="method-content">
                  <a name="testTabRecuriment">
                  </a> <!-- testTabRecuriment -->
                  <span class="method-name">testTabRecuriment</span>
                  <div class="stack-trace">org.openqa.selenium.NoSuchElementException: no such element: Unable to locate element: {&quot;method&quot;:&quot;class name&quot;,&quot;selector&quot;:&quot;oxd-topbar-header-breadcrumb-level&quot;}
  (Session info: chrome=120.0.6099.129)
  (Driver info: chromedriver=120.0.6099.109 (3419140ab665596f21b385ce136419fde0924272-refs/branch-heads/6099@{#1483}),platform=Windows NT 10.0.19045 x86_64) (WARNING: The server did not provide any stacktrace information)
Command duration or timeout: 32 milliseconds
For documentation on this error, please visit: http://seleniumhq.org/exceptions/no_such_element.html
Build info: version: &apos;2.44.0&apos;, revision: &apos;76d78cf323ce037c5f92db6c1bba601c2ac43ad8&apos;, time: &apos;2014-10-23 13:11:40&apos;
System info: host: &apos;EMARA&apos;, ip: &apos;192.168.133.19&apos;, os.name: &apos;Windows 10&apos;, os.arch: &apos;amd64&apos;, os.version: &apos;10.0&apos;, java.version: &apos;11.0.21&apos;
Driver info: org.openqa.selenium.chrome.ChromeDriver
Capabilities [{mobileEmulationEnabled=false, timeouts={implicit=0, pageLoad=300000, script=30000}, hasTouchScreen=false, platform=XP, acceptSslCerts=false, goog:chromeOptions={debuggerAddress=localhost:8583}, webauthn:extension:credBlob=true, acceptInsecureCerts=false, fedcm:accounts=true, webStorageEnabled=true, browserName=chrome, takesScreenshot=true, javascriptEnabled=true, setWindowRect=true, webauthn:extension:largeBlob=true, unexpectedAlertBehaviour=ignore, rotatable=false, networkConnectionEnabled=false, chrome={chromedriverVersion=120.0.6099.109 (3419140ab665596f21b385ce136419fde0924272-refs/branch-heads/6099@{#1483}), userDataDir=C:\Users\User\AppData\Local\Temp\scoped_dir24416_176106592}, takesHeapSnapshot=true, pageLoadStrategy=normal, strictFileInteractability=false, databaseEnabled=false, handlesAlerts=true, version=120.0.6099.129, browserConnectionEnabled=false, proxy={}, nativeEvents=true, webauthn:extension:minPinLength=true, webauthn:extension:prf=true, locationContextEnabled=true, cssSelectorsEnabled=true, webauthn:virtualAuthenticators=true}]
Session ID: 8235d5f6a386fcdd34539e0dbfe7be3a
	at org.openqa.selenium.remote.ErrorHandler.createThrowable(ErrorHandler.java:204)
	at org.openqa.selenium.remote.ErrorHandler.throwIfResponseFailed(ErrorHandler.java:156)
	at org.openqa.selenium.remote.RemoteWebDriver.execute(RemoteWebDriver.java:599)
	at org.openqa.selenium.remote.RemoteWebDriver.findElement(RemoteWebDriver.java:352)
	at org.openqa.selenium.remote.RemoteWebDriver.findElementByClassName(RemoteWebDriver.java:433)
	at org.openqa.selenium.By$ByClassName.findElement(By.java:387)
	at org.openqa.selenium.remote.RemoteWebDriver.findElement(RemoteWebDriver.java:344)
	at com.mycompany.mavenproject1.TestMavinIT_Organized.testTabRecuriment(TestMavinIT_Organized.java:112)
... Removed 32 stack frames
</div> <!-- stack-trace -->
                </div> <!-- method-content -->
              </div> <!-- method -->
            </div> <!-- main-panel-content rounded-window-bottom -->
          </div> <!-- suite-com.mycompany_TestMavin_jar_1.0-SNAPSHOT-class-failed -->
          <div class="suite-com.mycompany_TestMavin_jar_1.0-SNAPSHOT-class-passed">
            <div class="main-panel-header rounded-window-top">
              <img src="passed.png"/>
              <span class="class-name">com.mycompany.mavenproject1.TestMavinIT_Organized</span>
            </div> <!-- main-panel-header rounded-window-top -->
            <div class="main-panel-content rounded-window-bottom">
              <div class="method">
                <div class="method-content">
                  <a name="testAdminSearch">
                  </a> <!-- testAdminSearch -->
                  <span class="method-name">testAdminSearch</span>
                </div> <!-- method-content -->
              </div> <!-- method -->
              <div class="method">
                <div class="method-content">
                  <a name="testPopUpMenu">
                  </a> <!-- testPopUpMenu -->
                  <span class="method-name">testPopUpMenu</span>
                </div> <!-- method-content -->
              </div> <!-- method -->
              <div class="method">
                <div class="method-content">
                  <a name="testTabAdmin">
                  </a> <!-- testTabAdmin -->
                  <span class="method-name">testTabAdmin</span>
                </div> <!-- method-content -->
              </div> <!-- method -->
              <div class="method">
                <div class="method-content">
                  <a name="testTabAdminAdd">
                  </a> <!-- testTabAdminAdd -->
                  <span class="method-name">testTabAdminAdd</span>
                </div> <!-- method-content -->
              </div> <!-- method -->
              <div class="method">
                <div class="method-content">
                  <a name="testTabAdminBranding">
                  </a> <!-- testTabAdminBranding -->
                  <span class="method-name">testTabAdminBranding</span>
                </div> <!-- method-content -->
              </div> <!-- method -->
              <div class="method">
                <div class="method-content">
                  <a name="testTabAdminOrganizaton">
                  </a> <!-- testTabAdminOrganizaton -->
                  <span class="method-name">testTabAdminOrganizaton</span>
                </div> <!-- method-content -->
              </div> <!-- method -->
              <div class="method">
                <div class="method-content">
                  <a name="testTabMyInfo">
                  </a> <!-- testTabMyInfo -->
                  <span class="method-name">testTabMyInfo</span>
                </div> <!-- method-content -->
              </div> <!-- method -->
              <div class="method">
                <div class="method-content">
                  <a name="testTabPerformance">
                  </a> <!-- testTabPerformance -->
                  <span class="method-name">testTabPerformance</span>
                </div> <!-- method-content -->
              </div> <!-- method -->
              <div class="method">
                <div class="method-content">
                  <a name="testTabTime">
                  </a> <!-- testTabTime -->
                  <span class="method-name">testTabTime</span>
                </div> <!-- method-content -->
              </div> <!-- method -->
            </div> <!-- main-panel-content rounded-window-bottom -->
          </div> <!-- suite-com.mycompany_TestMavin_jar_1.0-SNAPSHOT-class-passed -->
        </div> <!-- panel com.mycompany_TestMavin_jar_1.0-SNAPSHOT -->
        <div panel-name="test-xml-com.mycompany_TestMavin_jar_1.0-SNAPSHOT" class="panel">
          <div class="main-panel-header rounded-window-top">
            <span class="header-content">C:\Users\User\Desktop\mavenproject2\src\test\java\com\mycompany\mavenproject1\NewTestNGSuite.xml</span>
          </div> <!-- main-panel-header rounded-window-top -->
          <div class="main-panel-content rounded-window-bottom">
            <pre>
&lt;?xml version=&quot;1.0&quot; encoding=&quot;UTF-8&quot;?&gt;
&lt;!DOCTYPE suite SYSTEM &quot;http://testng.org/testng-1.0.dtd&quot;&gt;
&lt;suite name=&quot;com.mycompany_TestMavin_jar_1.0-SNAPSHOT&quot; verbose=&quot;0&quot;&gt;
  &lt;test name=&quot;AccountTest&quot;&gt;
    &lt;classes&gt;
      &lt;class name=&quot;com.mycompany.mavenproject1.TestMavinIT_Organized&quot;&gt;
        &lt;methods&gt;
          &lt;include name=&quot;testLogin&quot;/&gt;
        &lt;/methods&gt;
      &lt;/class&gt; &lt;!-- com.mycompany.mavenproject1.TestMavinIT_Organized --&gt;
    &lt;/classes&gt;
  &lt;/test&gt; &lt;!-- AccountTest --&gt;
  &lt;test name=&quot;SideBarLinks&quot;&gt;
    &lt;classes&gt;
      &lt;class name=&quot;com.mycompany.mavenproject1.TestMavinIT_Organized&quot;&gt;
        &lt;methods&gt;
          &lt;include name=&quot;testPopUpMenu&quot;/&gt;
          &lt;include name=&quot;testTabAdmin&quot;/&gt;
          &lt;include name=&quot;testTabPIM&quot;/&gt;
          &lt;include name=&quot;testTabLeave&quot;/&gt;
          &lt;include name=&quot;testTabTime&quot;/&gt;
          &lt;include name=&quot;testTabRecuriment&quot;/&gt;
          &lt;include name=&quot;testTabMyInfo&quot;/&gt;
          &lt;include name=&quot;testTabPerformance&quot;/&gt;
          &lt;include name=&quot;testTabDashbord&quot;/&gt;
          &lt;include name=&quot;testTabDirectory&quot;/&gt;
          &lt;include name=&quot;testTabMintance&quot;/&gt;
          &lt;include name=&quot;testTabBuzz&quot;/&gt;
        &lt;/methods&gt;
      &lt;/class&gt; &lt;!-- com.mycompany.mavenproject1.TestMavinIT_Organized --&gt;
    &lt;/classes&gt;
  &lt;/test&gt; &lt;!-- SideBarLinks --&gt;
  &lt;test name=&quot;AdminFunctonality&quot;&gt;
    &lt;classes&gt;
      &lt;class name=&quot;com.mycompany.mavenproject1.TestMavinIT_Organized&quot;&gt;
        &lt;methods&gt;
          &lt;include name=&quot;testAdminSearch&quot;/&gt;
          &lt;include name=&quot;testAdminrest&quot;/&gt;
          &lt;include name=&quot;testTabAdminAdd&quot;/&gt;
          &lt;include name=&quot;testTabESSsearch&quot;/&gt;
          &lt;include name=&quot;testTabESSEdit&quot;/&gt;
          &lt;include name=&quot;testTabAdminOrganizaton&quot;/&gt;
          &lt;include name=&quot;testTabAdminBranding&quot;/&gt;
        &lt;/methods&gt;
      &lt;/class&gt; &lt;!-- com.mycompany.mavenproject1.TestMavinIT_Organized --&gt;
    &lt;/classes&gt;
  &lt;/test&gt; &lt;!-- AdminFunctonality --&gt;
&lt;/suite&gt; &lt;!-- com.mycompany_TestMavin_jar_1.0-SNAPSHOT --&gt;
            </pre>
          </div> <!-- main-panel-content rounded-window-bottom -->
        </div> <!-- panel -->
        <div panel-name="testlist-com.mycompany_TestMavin_jar_1.0-SNAPSHOT" class="panel">
          <div class="main-panel-header rounded-window-top">
            <span class="header-content">Tests for com.mycompany_TestMavin_jar_1.0-SNAPSHOT</span>
          </div> <!-- main-panel-header rounded-window-top -->
          <div class="main-panel-content rounded-window-bottom">
            <ul>
              <li>
                <span class="test-name">AccountTest (1 class)</span>
              </li>
              <li>
                <span class="test-name">SideBarLinks (1 class)</span>
              </li>
              <li>
                <span class="test-name">AdminFunctonality (1 class)</span>
              </li>
            </ul>
          </div> <!-- main-panel-content rounded-window-bottom -->
        </div> <!-- panel -->
        <div panel-name="group-com.mycompany_TestMavin_jar_1.0-SNAPSHOT" class="panel">
          <div class="main-panel-header rounded-window-top">
            <span class="header-content">Groups for com.mycompany_TestMavin_jar_1.0-SNAPSHOT</span>
          </div> <!-- main-panel-header rounded-window-top -->
          <div class="main-panel-content rounded-window-bottom">
          </div> <!-- main-panel-content rounded-window-bottom -->
        </div> <!-- panel -->
        <div panel-name="times-com.mycompany_TestMavin_jar_1.0-SNAPSHOT" class="panel">
          <div class="main-panel-header rounded-window-top">
            <span class="header-content">Times for com.mycompany_TestMavin_jar_1.0-SNAPSHOT</span>
          </div> <!-- main-panel-header rounded-window-top -->
          <div class="main-panel-content rounded-window-bottom">
            <div class="times-div">
              <script type="text/javascript">
suiteTableInitFunctions.push('tableData_com.mycompany_TestMavin_jar_1.0-SNAPSHOT');
function tableData_com.mycompany_TestMavin_jar_1.0-SNAPSHOT() {
var data = new google.visualization.DataTable();
data.addColumn('number', 'Number');
data.addColumn('string', 'Method');
data.addColumn('string', 'Class');
data.addColumn('number', 'Time (ms)');
data.addRows(19);
data.setCell(0, 0, 0)
data.setCell(0, 1, 'testTabAdminBranding')
data.setCell(0, 2, 'com.mycompany.mavenproject1.TestMavinIT_Organized')
data.setCell(0, 3, 29383);
data.setCell(1, 0, 1)
data.setCell(1, 1, 'testTabAdminAdd')
data.setCell(1, 2, 'com.mycompany.mavenproject1.TestMavinIT_Organized')
data.setCell(1, 3, 22615);
data.setCell(2, 0, 2)
data.setCell(2, 1, 'testTabAdminOrganizaton')
data.setCell(2, 2, 'com.mycompany.mavenproject1.TestMavinIT_Organized')
data.setCell(2, 3, 17477);
data.setCell(3, 0, 3)
data.setCell(3, 1, 'testLogin')
data.setCell(3, 2, 'com.mycompany.mavenproject1.TestMavinIT_Organized')
data.setCell(3, 3, 16251);
data.setCell(4, 0, 4)
data.setCell(4, 1, 'testTabESSsearch')
data.setCell(4, 2, 'com.mycompany.mavenproject1.TestMavinIT_Organized')
data.setCell(4, 3, 10952);
data.setCell(5, 0, 5)
data.setCell(5, 1, 'testAdminSearch')
data.setCell(5, 2, 'com.mycompany.mavenproject1.TestMavinIT_Organized')
data.setCell(5, 3, 10677);
data.setCell(6, 0, 6)
data.setCell(6, 1, 'testTabMintance')
data.setCell(6, 2, 'com.mycompany.mavenproject1.TestMavinIT_Organized')
data.setCell(6, 3, 7113);
data.setCell(7, 0, 7)
data.setCell(7, 1, 'testPopUpMenu')
data.setCell(7, 2, 'com.mycompany.mavenproject1.TestMavinIT_Organized')
data.setCell(7, 3, 4465);
data.setCell(8, 0, 8)
data.setCell(8, 1, 'testTabTime')
data.setCell(8, 2, 'com.mycompany.mavenproject1.TestMavinIT_Organized')
data.setCell(8, 3, 3743);
data.setCell(9, 0, 9)
data.setCell(9, 1, 'testTabMyInfo')
data.setCell(9, 2, 'com.mycompany.mavenproject1.TestMavinIT_Organized')
data.setCell(9, 3, 3593);
data.setCell(10, 0, 10)
data.setCell(10, 1, 'testTabLeave')
data.setCell(10, 2, 'com.mycompany.mavenproject1.TestMavinIT_Organized')
data.setCell(10, 3, 3546);
data.setCell(11, 0, 11)
data.setCell(11, 1, 'testTabPerformance')
data.setCell(11, 2, 'com.mycompany.mavenproject1.TestMavinIT_Organized')
data.setCell(11, 3, 3450);
data.setCell(12, 0, 12)
data.setCell(12, 1, 'testTabRecuriment')
data.setCell(12, 2, 'com.mycompany.mavenproject1.TestMavinIT_Organized')
data.setCell(12, 3, 3187);
data.setCell(13, 0, 13)
data.setCell(13, 1, 'testTabAdmin')
data.setCell(13, 2, 'com.mycompany.mavenproject1.TestMavinIT_Organized')
data.setCell(13, 3, 3091);
data.setCell(14, 0, 14)
data.setCell(14, 1, 'testTabPIM')
data.setCell(14, 2, 'com.mycompany.mavenproject1.TestMavinIT_Organized')
data.setCell(14, 3, 3081);
data.setCell(15, 0, 15)
data.setCell(15, 1, 'testTabBuzz')
data.setCell(15, 2, 'com.mycompany.mavenproject1.TestMavinIT_Organized')
data.setCell(15, 3, 3016);
data.setCell(16, 0, 16)
data.setCell(16, 1, 'testTabDirectory')
data.setCell(16, 2, 'com.mycompany.mavenproject1.TestMavinIT_Organized')
data.setCell(16, 3, 2862);
data.setCell(17, 0, 17)
data.setCell(17, 1, 'testTabDashbord')
data.setCell(17, 2, 'com.mycompany.mavenproject1.TestMavinIT_Organized')
data.setCell(17, 3, 2841);
data.setCell(18, 0, 18)
data.setCell(18, 1, 'testTabESSEdit')
data.setCell(18, 2, 'com.mycompany.mavenproject1.TestMavinIT_Organized')
data.setCell(18, 3, 31);
window.suiteTableData['com.mycompany_TestMavin_jar_1.0-SNAPSHOT']= { tableData: data, tableDiv: 'times-div-com.mycompany_TestMavin_jar_1.0-SNAPSHOT'}
return data;
}
              </script>
              <span class="suite-total-time">Total running time: 2 minutes</span>
              <div id="times-div-com.mycompany_TestMavin_jar_1.0-SNAPSHOT">
              </div> <!-- times-div-com.mycompany_TestMavin_jar_1.0-SNAPSHOT -->
            </div> <!-- times-div -->
          </div> <!-- main-panel-content rounded-window-bottom -->
        </div> <!-- panel -->
        <div panel-name="reporter-com.mycompany_TestMavin_jar_1.0-SNAPSHOT" class="panel">
          <div class="main-panel-header rounded-window-top">
            <span class="header-content">Reporter output for com.mycompany_TestMavin_jar_1.0-SNAPSHOT</span>
          </div> <!-- main-panel-header rounded-window-top -->
          <div class="main-panel-content rounded-window-bottom">
          </div> <!-- main-panel-content rounded-window-bottom -->
        </div> <!-- panel -->
        <div panel-name="ignored-methods-com.mycompany_TestMavin_jar_1.0-SNAPSHOT" class="panel">
          <div class="main-panel-header rounded-window-top">
            <span class="header-content">41 ignored methods</span>
          </div> <!-- main-panel-header rounded-window-top -->
          <div class="main-panel-content rounded-window-bottom">
            <div class="ignored-class-div">
              <span class="ignored-class-name">com.mycompany.mavenproject1.TestMavinIT_Organized</span>
              <div class="ignored-methods-div">
                <span class="ignored-method-name">testTabMyInfo</span>
                <br/>
                <span class="ignored-method-name">testTabMyInfo</span>
                <br/>
                <span class="ignored-method-name">testTabPIM</span>
                <br/>
                <span class="ignored-method-name">testTabTime</span>
                <br/>
                <span class="ignored-method-name">testLogin</span>
                <br/>
                <span class="ignored-method-name">testTabPIM</span>
                <br/>
                <span class="ignored-method-name">testLogin</span>
                <br/>
                <span class="ignored-method-name">testTabTime</span>
                <br/>
                <span class="ignored-method-name">testTabPerformance</span>
                <br/>
                <span class="ignored-method-name">testTabPerformance</span>
                <br/>
                <span class="ignored-method-name">testTabBuzz</span>
                <br/>
                <span class="ignored-method-name">testTabBuzz</span>
                <br/>
                <span class="ignored-method-name">testTabLeave</span>
                <br/>
                <span class="ignored-method-name">testTabLeave</span>
                <br/>
                <span class="ignored-method-name">testAdminReset</span>
                <br/>
                <span class="ignored-method-name">testAdminReset</span>
                <br/>
                <span class="ignored-method-name">testAdminReset</span>
                <br/>
                <span class="ignored-method-name">testTabRecuriment</span>
                <br/>
                <span class="ignored-method-name">testTabAdminAdd</span>
                <br/>
                <span class="ignored-method-name">testTabAdminAdd</span>
                <br/>
                <span class="ignored-method-name">testTabRecuriment</span>
                <br/>
                <span class="ignored-method-name">testTabAdmin</span>
                <br/>
                <span class="ignored-method-name">testTabAdmin</span>
                <br/>
                <span class="ignored-method-name">testTabESSEdit</span>
                <br/>
                <span class="ignored-method-name">testTabESSEdit</span>
                <br/>
                <span class="ignored-method-name">testTabMintance</span>
                <br/>
                <span class="ignored-method-name">testTabMintance</span>
                <br/>
                <span class="ignored-method-name">testAdminSearch</span>
                <br/>
                <span class="ignored-method-name">testAdminSearch</span>
                <br/>
                <span class="ignored-method-name">testPopUpMenu</span>
                <br/>
                <span class="ignored-method-name">testPopUpMenu</span>
                <br/>
                <span class="ignored-method-name">testTabESSsearch</span>
                <br/>
                <span class="ignored-method-name">testTabESSsearch</span>
                <br/>
                <span class="ignored-method-name">testTabDirectory</span>
                <br/>
                <span class="ignored-method-name">testTabDirectory</span>
                <br/>
                <span class="ignored-method-name">testTabAdminBranding</span>
                <br/>
                <span class="ignored-method-name">testTabAdminBranding</span>
                <br/>
                <span class="ignored-method-name">testTabDashbord</span>
                <br/>
                <span class="ignored-method-name">testTabDashbord</span>
                <br/>
                <span class="ignored-method-name">testTabAdminOrganizaton</span>
                <br/>
                <span class="ignored-method-name">testTabAdminOrganizaton</span>
                <br/>
              </div> <!-- ignored-methods-div -->
            </div> <!-- ignored-class-div -->
          </div> <!-- main-panel-content rounded-window-bottom -->
        </div> <!-- panel -->
        <div panel-name="chronological-com.mycompany_TestMavin_jar_1.0-SNAPSHOT" class="panel">
          <div class="main-panel-header rounded-window-top">
            <span class="header-content">Methods in chronological order</span>
          </div> <!-- main-panel-header rounded-window-top -->
          <div class="main-panel-content rounded-window-bottom">
            <div class="chronological-class">
              <div class="chronological-class-name">com.mycompany.mavenproject1.TestMavinIT_Organized</div> <!-- chronological-class-name -->
              <div class="configuration-suite before">
                <span class="method-name">setUpClass</span>
                <span class="method-start">0 ms</span>
              </div> <!-- configuration-suite before -->
              <div class="test-method">
                <img src="failed.png">
                </img>
                <span class="method-name">testLogin</span>
                <span class="method-start">5168 ms</span>
              </div> <!-- test-method -->
              <div class="configuration-method after">
                <span class="method-name">screenShot([TestResult name=testLogin status=FAILURE method=TestMavinIT_Organized.testLogin()[pri:0, instance:c...)</span>
                <span class="method-start">21419 ms</span>
              </div> <!-- configuration-method after -->
              <div class="test-method">
                <span class="method-name">testPopUpMenu</span>
                <span class="method-start">22447 ms</span>
              </div> <!-- test-method -->
              <div class="configuration-method after">
                <span class="method-name">screenShot([TestResult name=testPopUpMenu status=SUCCESS method=TestMavinIT_Organized.testPopUpMenu()[pri:0, in...)</span>
                <span class="method-start">26912 ms</span>
              </div> <!-- configuration-method after -->
              <div class="test-method">
                <span class="method-name">testTabAdmin</span>
                <span class="method-start">26912 ms</span>
              </div> <!-- test-method -->
              <div class="configuration-method after">
                <span class="method-name">screenShot([TestResult name=testTabAdmin status=SUCCESS method=TestMavinIT_Organized.testTabAdmin()[pri:0, inst...)</span>
                <span class="method-start">30003 ms</span>
              </div> <!-- configuration-method after -->
              <div class="test-method">
                <img src="failed.png">
                </img>
                <span class="method-name">testTabPIM</span>
                <span class="method-start">30003 ms</span>
              </div> <!-- test-method -->
              <div class="configuration-method after">
                <span class="method-name">screenShot([TestResult name=testTabPIM status=FAILURE method=TestMavinIT_Organized.testTabPIM()[pri:0, instance...)</span>
                <span class="method-start">33084 ms</span>
              </div> <!-- configuration-method after -->
              <div class="test-method">
                <img src="failed.png">
                </img>
                <span class="method-name">testTabLeave</span>
                <span class="method-start">33474 ms</span>
              </div> <!-- test-method -->
              <div class="configuration-method after">
                <span class="method-name">screenShot([TestResult name=testTabLeave status=FAILURE method=TestMavinIT_Organized.testTabLeave()[pri:0, inst...)</span>
                <span class="method-start">37020 ms</span>
              </div> <!-- configuration-method after -->
              <div class="test-method">
                <span class="method-name">testTabTime</span>
                <span class="method-start">37403 ms</span>
              </div> <!-- test-method -->
              <div class="configuration-method after">
                <span class="method-name">screenShot([TestResult name=testTabTime status=SUCCESS method=TestMavinIT_Organized.testTabTime()[pri:0, instan...)</span>
                <span class="method-start">41146 ms</span>
              </div> <!-- configuration-method after -->
              <div class="test-method">
                <img src="failed.png">
                </img>
                <span class="method-name">testTabRecuriment</span>
                <span class="method-start">41146 ms</span>
              </div> <!-- test-method -->
              <div class="configuration-method after">
                <span class="method-name">screenShot([TestResult name=testTabRecuriment status=FAILURE method=TestMavinIT_Organized.testTabRecuriment()[p...)</span>
                <span class="method-start">44333 ms</span>
              </div> <!-- configuration-method after -->
              <div class="test-method">
                <span class="method-name">testTabMyInfo</span>
                <span class="method-start">44665 ms</span>
              </div> <!-- test-method -->
              <div class="configuration-method after">
                <span class="method-name">screenShot([TestResult name=testTabMyInfo status=SUCCESS method=TestMavinIT_Organized.testTabMyInfo()[pri:0, in...)</span>
                <span class="method-start">48258 ms</span>
              </div> <!-- configuration-method after -->
              <div class="test-method">
                <span class="method-name">testTabPerformance</span>
                <span class="method-start">48258 ms</span>
              </div> <!-- test-method -->
              <div class="configuration-method after">
                <span class="method-name">screenShot([TestResult name=testTabPerformance status=SUCCESS method=TestMavinIT_Organized.testTabPerformance()...)</span>
                <span class="method-start">51708 ms</span>
              </div> <!-- configuration-method after -->
              <div class="test-method">
                <img src="failed.png">
                </img>
                <span class="method-name">testTabDashbord</span>
                <span class="method-start">51708 ms</span>
              </div> <!-- test-method -->
              <div class="configuration-method after">
                <span class="method-name">screenShot([TestResult name=testTabDashbord status=FAILURE method=TestMavinIT_Organized.testTabDashbord()[pri:0...)</span>
                <span class="method-start">54549 ms</span>
              </div> <!-- configuration-method after -->
              <div class="test-method">
                <img src="failed.png">
                </img>
                <span class="method-name">testTabDirectory</span>
                <span class="method-start">54983 ms</span>
              </div> <!-- test-method -->
              <div class="configuration-method after">
                <span class="method-name">screenShot([TestResult name=testTabDirectory status=FAILURE method=TestMavinIT_Organized.testTabDirectory()[pri...)</span>
                <span class="method-start">57845 ms</span>
              </div> <!-- configuration-method after -->
              <div class="test-method">
                <img src="failed.png">
                </img>
                <span class="method-name">testTabMintance</span>
                <span class="method-start">58272 ms</span>
              </div> <!-- test-method -->
              <div class="configuration-method after">
                <span class="method-name">screenShot([TestResult name=testTabMintance status=FAILURE method=TestMavinIT_Organized.testTabMintance()[pri:0...)</span>
                <span class="method-start">65385 ms</span>
              </div> <!-- configuration-method after -->
              <div class="test-method">
                <img src="failed.png">
                </img>
                <span class="method-name">testTabBuzz</span>
                <span class="method-start">65679 ms</span>
              </div> <!-- test-method -->
              <div class="configuration-method after">
                <span class="method-name">screenShot([TestResult name=testTabBuzz status=FAILURE method=TestMavinIT_Organized.testTabBuzz()[pri:0, instan...)</span>
                <span class="method-start">68695 ms</span>
              </div> <!-- configuration-method after -->
              <div class="test-method">
                <span class="method-name">testAdminSearch</span>
                <span class="method-start">69143 ms</span>
              </div> <!-- test-method -->
              <div class="configuration-method after">
                <span class="method-name">screenShot([TestResult name=testAdminSearch status=SUCCESS method=TestMavinIT_Organized.testAdminSearch()[pri:0...)</span>
                <span class="method-start">79820 ms</span>
              </div> <!-- configuration-method after -->
              <div class="test-method">
                <span class="method-name">testTabAdminAdd</span>
                <span class="method-start">79820 ms</span>
              </div> <!-- test-method -->
              <div class="configuration-method after">
                <span class="method-name">screenShot([TestResult name=testTabAdminAdd status=SUCCESS method=TestMavinIT_Organized.testTabAdminAdd()[pri:0...)</span>
                <span class="method-start">102437 ms</span>
              </div> <!-- configuration-method after -->
              <div class="test-method">
                <img src="failed.png">
                </img>
                <span class="method-name">testTabESSsearch</span>
                <span class="method-start">102438 ms</span>
              </div> <!-- test-method -->
              <div class="configuration-method after">
                <span class="method-name">screenShot([TestResult name=testTabESSsearch status=FAILURE method=TestMavinIT_Organized.testTabESSsearch()[pri...)</span>
                <span class="method-start">113394 ms</span>
              </div> <!-- configuration-method after -->
              <div class="test-method">
                <img src="failed.png">
                </img>
                <span class="method-name">testTabESSEdit</span>
                <span class="method-start">113817 ms</span>
              </div> <!-- test-method -->
              <div class="configuration-method after">
                <span class="method-name">screenShot([TestResult name=testTabESSEdit status=FAILURE method=TestMavinIT_Organized.testTabESSEdit()[pri:0, ...)</span>
                <span class="method-start">113864 ms</span>
              </div> <!-- configuration-method after -->
              <div class="test-method">
                <span class="method-name">testTabAdminOrganizaton</span>
                <span class="method-start">114208 ms</span>
              </div> <!-- test-method -->
              <div class="configuration-method after">
                <span class="method-name">screenShot([TestResult name=testTabAdminOrganizaton status=SUCCESS method=TestMavinIT_Organized.testTabAdminOrg...)</span>
                <span class="method-start">131685 ms</span>
              </div> <!-- configuration-method after -->
              <div class="test-method">
                <span class="method-name">testTabAdminBranding</span>
                <span class="method-start">131685 ms</span>
              </div> <!-- test-method -->
              <div class="configuration-method after">
                <span class="method-name">screenShot([TestResult name=testTabAdminBranding status=SUCCESS method=TestMavinIT_Organized.testTabAdminBrandi...)</span>
                <span class="method-start">161068 ms</span>
              </div> <!-- configuration-method after -->
              <div class="configuration-suite after">
                <span class="method-name">tearDownClass</span>
                <span class="method-start">161099 ms</span>
              </div> <!-- configuration-suite after -->
          </div> <!-- main-panel-content rounded-window-bottom -->
        </div> <!-- panel -->
      </div> <!-- main-panel-root -->
    </div> <!-- wrapper -->
  </body>
</html>
